<?xml version="1.0" encoding="UTF-8"?>
<testsuite xmlns:xsi="http://www.w3.org/2001/XMLSchema-instance" xsi:noNamespaceSchemaLocation="https://maven.apache.org/surefire/maven-surefire-plugin/xsd/surefire-test-report.xsd" version="3.0.2" name="org.jserver.model.UserTest" time="0.006" tests="2" errors="0" skipped="0" failures="0">
  <properties>
[...]
</properties>
  <testcase name="createsUserWithAllFields" classname="org.jserver.model.UserTest" time="0.002"/>
  <testcase name="supportsMultipleRoles" classname="org.jserver.model.UserTest" time="0.001"/>
</testsuite>