<?xml version="1.0" encoding="UTF-8"?>
<testsuite xmlns:xsi="http://www.w3.org/2001/XMLSchema-instance" xsi:noNamespaceSchemaLocation="https://maven.apache.org/surefire/maven-surefire-plugin/xsd/surefire-test-report.xsd" version="3.0.2" name="org.jserver.infrastructure.ConfigRepositoryTest" time="0.05" tests="4" errors="0" skipped="0" failures="0">
  <properties>
[...]
</properties>
  <testcase name="savesMultipleMethodConfigs" classname="org.jserver.infrastructure.ConfigRepositoryTest" time="0.014">
    <system-out><![CDATA[2026-04-14 14:03:12.546 [main] INFO  o.j.infrastructure.H2DataSource - H2 DataSource created: jdbc:h2:mem:jserver_config_savesMultipleMethodConfigs__;DB_CLOSE_DELAY=-1
2026-04-14 14:03:12.546 [main] INFO  o.j.infrastructure.H2DataSource - Initializing database schema
2026-04-14 14:03:12.552 [main] INFO  o.j.infrastructure.H2DataSource - Database schema initialized
]]></system-out>
  </testcase>
  <testcase name="savesAndLoadsMethodConfig" classname="org.jserver.infrastructure.ConfigRepositoryTest" time="0.011">
    <system-out><![CDATA[2026-04-14 14:03:12.560 [main] INFO  o.j.infrastructure.H2DataSource - H2 DataSource created: jdbc:h2:mem:jserver_config_savesAndLoadsMethodConfig__;DB_CLOSE_DELAY=-1
2026-04-14 14:03:12.561 [main] INFO  o.j.infrastructure.H2DataSource - Initializing database schema
2026-04-14 14:03:12.566 [main] INFO  o.j.infrastructure.H2DataSource - Database schema initialized
]]></system-out>
  </testcase>
  <testcase name="returnsEmptyMapWhenNoConfigs" classname="org.jserver.infrastructure.ConfigRepositoryTest" time="0.01">
    <system-out><![CDATA[2026-04-14 14:03:12.572 [main] INFO  o.j.infrastructure.H2DataSource - H2 DataSource created: jdbc:h2:mem:jserver_config_returnsEmptyMapWhenNoConfigs__;DB_CLOSE_DELAY=-1
2026-04-14 14:03:12.572 [main] INFO  o.j.infrastructure.H2DataSource - Initializing database schema
2026-04-14 14:03:12.579 [main] INFO  o.j.infrastructure.H2DataSource - Database schema initialized
]]></system-out>
  </testcase>
  <testcase name="updatesExistingMethodConfig" classname="org.jserver.infrastructure.ConfigRepositoryTest" time="0.012">
    <system-out><![CDATA[2026-04-14 14:03:12.582 [main] INFO  o.j.infrastructure.H2DataSource - H2 DataSource created: jdbc:h2:mem:jserver_config_updatesExistingMethodConfig__;DB_CLOSE_DELAY=-1
2026-04-14 14:03:12.582 [main] INFO  o.j.infrastructure.H2DataSource - Initializing database schema
2026-04-14 14:03:12.589 [main] INFO  o.j.infrastructure.H2DataSource - Database schema initialized
]]></system-out>
  </testcase>
</testsuite>